<?xml version="1.0" encoding="UTF-8"?>
<!-- Generated by org.testng.reporters.JUnitReportReporter -->
<testsuite hostname="ToqaHussein" failures="0" tests="4" name="Login" time="10.742" errors="0" timestamp="2025-05-09T20:39:46 EEST" skipped="0">
  <testcase classname="Login" name="TC01_verifyValidLogin" time="5.260"/>
  <testcase classname="Login" name="TC02_verifyLoginFailsWithIncorrectCredentials" time="2.066"/>
  <testcase classname="Login" name="TC03_verifyLoginFailsWithBlankCredentials" time="1.559"/>
  <testcase classname="Login" name="TC04_validateErrorMessageOnFailedLogin" time="1.857"/>
</testsuite> <!-- Login -->
