<?xml version="1.0" encoding="UTF-8"?>
<!-- Generated by org.testng.reporters.JUnitReportReporter -->
<testsuite hostname="ToqaHussein" failures="0" tests="3" name="Testing" time="4.638" errors="0" timestamp="2025-05-09T19:55:50 EEST" skipped="0">
  <testcase classname="Testing" name="TC18_navigateToBillPay" time="1.148"/>
  <testcase classname="Testing" name="TC19_validBillPaymentSubmission" time="2.311"/>
  <testcase classname="Testing" name="TC20_submitBillPayWithEmptyFields" time="1.179"/>
</testsuite> <!-- Testing -->
