<?xml version="1.0" encoding="UTF-8"?>
<!-- Generated by org.testng.reporters.JUnitReportReporter -->
<testsuite hostname="ToqaHussein" failures="0" tests="3" name="ParabankScenario3" time="5.551" errors="0" timestamp="2025-05-08T18:08:41 EEST" skipped="0">
  <testcase classname="ParabankScenario3" name="registerNewUser" time="3.045"/>
  <testcase classname="ParabankScenario3" name="transferWithoutDataWhileLoggedIn" time="1.290"/>
  <testcase classname="ParabankScenario3" name="logoutAndAccessProtectedPage" time="1.216"/>
</testsuite> <!-- ParabankScenario3 -->
