<?xml version="1.0" encoding="UTF-8"?>
<!-- Generated by org.testng.reporters.JUnitReportReporter -->
<testsuite hostname="ToqaHussein" failures="0" tests="4" name="LoginTest" time="24.659" errors="0" timestamp="2025-05-09T19:53:08 EEST" skipped="0">
  <testcase classname="LoginTest" name="testRegisterWithMissingFields" time="5.004"/>
  <testcase classname="LoginTest" name="testNavigateToRegistrationPage" time="4.932"/>
  <testcase classname="LoginTest" name="testRegisterWithValidDetails" time="5.810"/>
  <testcase classname="LoginTest" name="testRegisterWithTakenUsername" time="8.913"/>
</testsuite> <!-- LoginTest -->
