<?xml version="1.0" encoding="UTF-8"?>
<!-- Generated by org.testng.reporters.JUnitReportReporter -->
<testsuite hostname="ToqaHussein" failures="0" tests="5" name="TransferFundsS1" time="18.219" errors="0" timestamp="2025-05-09T19:49:45 EEST" skipped="0">
  <testcase classname="TransferFundsS1" name="registerTest" time="2.373"/>
  <testcase classname="TransferFundsS1" name="openAccountTest" time="12.978"/>
  <testcase classname="TransferFundsS1" name="transferFundsTest" time="1.961"/>
  <testcase classname="TransferFundsS1" name="verifyTransferTest" time="0.032"/>
  <testcase classname="TransferFundsS1" name="logoutTest" time="0.875"/>
</testsuite> <!-- TransferFundsS1 -->
