<?xml version="1.0" encoding="UTF-8"?>
<!-- Generated by org.testng.reporters.JUnitReportReporter -->
<testsuite hostname="ToqaHussein" failures="0" tests="1" name="Empty" time="10.993" errors="0" timestamp="2025-05-09T19:36:47 EEST" skipped="0">
  <testcase classname="Empty" name="updateProfileWithEmptyFields_ShouldShowValidation" time="10.993"/>
</testsuite> <!-- Empty -->
