<?xml version="1.0" encoding="UTF-8"?>
<!-- Generated by org.testng.reporters.JUnitReportReporter -->
<testsuite hostname="ToqaHussein" failures="0" tests="4" name="test2" time="23.451" errors="0" timestamp="2025-05-07T20:58:13 EEST" skipped="0">
  <testcase classname="test2" name="testLogin" time="6.586"/>
  <testcase classname="test2" name="testLogin" time="6.016"/>
  <testcase classname="test2" name="testLogin" time="5.586"/>
  <testcase classname="test2" name="testLogin" time="5.263"/>
</testsuite> <!-- test2 -->
