<?xml version="1.0" encoding="UTF-8"?>
<!-- Generated by org.testng.reporters.JUnitReportReporter -->
<testsuite hostname="ToqaHussein" failures="0" tests="6" name="TransferFundsS2" time="20.534" errors="0" timestamp="2025-05-09T19:49:45 EEST" skipped="0">
  <testcase classname="TransferFundsS2" name="registerTest" time="2.310"/>
  <testcase classname="TransferFundsS2" name="openAccountTest" time="12.498"/>
  <testcase classname="TransferFundsS2" name="transferFundsTest" time="2.013"/>
  <testcase classname="TransferFundsS2" name="verifyTransferTest" time="0.026"/>
  <testcase classname="TransferFundsS2" name="searchTransferByAmountTest" time="2.820"/>
  <testcase classname="TransferFundsS2" name="logoutTest" time="0.867"/>
</testsuite> <!-- TransferFundsS2 -->
