<?xml version="1.0" encoding="UTF-8"?>
<!-- Generated by org.testng.reporters.JUnitReportReporter -->
<testsuite hostname="ToqaHussein" failures="0" tests="3" name="TransferFundsS3" time="5.113" errors="0" timestamp="2025-05-09T19:49:45 EEST" skipped="0">
  <testcase classname="TransferFundsS3" name="registerNewUser" time="2.639"/>
  <testcase classname="TransferFundsS3" name="transferWithoutDataWhileLoggedIn" time="1.149"/>
  <testcase classname="TransferFundsS3" name="logoutAndAccessProtectedPage" time="1.325"/>
</testsuite> <!-- TransferFundsS3 -->
