<?xml version="1.0" encoding="UTF-8"?>
<!-- Generated by org.testng.reporters.JUnitReportReporter -->
<testsuite hostname="ToqaHussein" failures="0" tests="3" name="TransferFundsS3" time="5.737" errors="0" timestamp="2025-05-09T21:06:48 EEST" skipped="0">
  <testcase classname="TransferFundsS3" name="registerNewUser" time="3.084"/>
  <testcase classname="TransferFundsS3" name="transferWithoutDataWhileLoggedIn" time="1.270"/>
  <testcase classname="TransferFundsS3" name="logoutAndAccessProtectedPage" time="1.383"/>
</testsuite> <!-- TransferFundsS3 -->
