<?xml version="1.0" encoding="UTF-8"?>
<!-- Generated by org.testng.reporters.JUnitReportReporter -->
<testsuite hostname="ToqaHussein" failures="0" tests="3" name="BillPayment" time="5.922" errors="0" timestamp="2025-05-09T20:57:59 EEST" skipped="0">
  <testcase classname="BillPayment" name="TC18_navigateToBillPay" time="1.993"/>
  <testcase classname="BillPayment" name="TC19_validBillPaymentSubmission" time="2.970"/>
  <testcase classname="BillPayment" name="TC20_submitBillPayWithEmptyFields" time="0.959"/>
</testsuite> <!-- BillPayment -->
