<?xml version="1.0" encoding="UTF-8"?>
<!-- Generated by org.testng.reporters.JUnitReportReporter -->
<testsuite hostname="ToqaHussein" failures="0" tests="1" name="UpdateProfile" time="14.657" errors="0" timestamp="2025-05-09T21:06:48 EEST" skipped="0">
  <testcase classname="UpdateProfile" name="registerAndUpdateProfile" time="14.657"/>
</testsuite> <!-- UpdateProfile -->
