<?xml version="1.0" encoding="UTF-8"?>
<!-- Generated by org.testng.reporters.JUnitReportReporter -->
<testsuite hostname="ToqaHussein" failures="0" tests="4" name="Register" time="26.942" errors="0" timestamp="2025-05-09T21:06:48 EEST" skipped="0">
  <testcase classname="Register" name="testRegisterWithMissingFields" time="5.182"/>
  <testcase classname="Register" name="testRegisterWithValidDetails" time="6.780"/>
  <testcase classname="Register" name="testRegisterWithTakenUsername" time="9.744"/>
  <testcase classname="Register" name="testNavigateToRegistrationPage" time="5.236"/>
</testsuite> <!-- Register -->
