<?xml version="1.0" encoding="UTF-8"?>
<!-- Generated by org.testng.reporters.JUnitReportReporter -->
<testsuite hostname="ToqaHussein" failures="0" tests="6" name="ParabankTest2" time="20.924" errors="0" timestamp="2025-05-08T18:08:41 EEST" skipped="0">
  <testcase classname="ParabankTest2" name="registerTest" time="2.641"/>
  <testcase classname="ParabankTest2" name="openAccountTest" time="12.586"/>
  <testcase classname="ParabankTest2" name="transferFundsTest" time="1.947"/>
  <testcase classname="ParabankTest2" name="verifyTransferTest" time="0.023"/>
  <testcase classname="ParabankTest2" name="searchTransferByAmountTest" time="2.848"/>
  <testcase classname="ParabankTest2" name="logoutTest" time="0.879"/>
</testsuite> <!-- ParabankTest2 -->
