<?xml version="1.0" encoding="UTF-8"?>
<!-- Generated by org.testng.reporters.JUnitReportReporter -->
<testsuite hostname="ToqaHussein" failures="0" tests="1" name="UpdateProfileWithEmpty" time="9.607" errors="0" timestamp="2025-05-09T21:06:48 EEST" skipped="0">
  <testcase classname="UpdateProfileWithEmpty" name="updateProfileWithEmptyFields_ShouldShowValidation" time="9.607"/>
</testsuite> <!-- UpdateProfileWithEmpty -->
