<?xml version="1.0" encoding="UTF-8"?>
<!-- Generated by org.testng.reporters.JUnitReportReporter -->
<testsuite hostname="ToqaHussein" failures="0" tests="4" name="Login" time="10.468" errors="0" timestamp="2025-05-09T21:06:48 EEST" skipped="0">
  <testcase classname="Login" name="TC01_verifyValidLogin" time="3.758"/>
  <testcase classname="Login" name="TC02_verifyLoginFailsWithIncorrectCredentials" time="2.082"/>
  <testcase classname="Login" name="TC03_verifyLoginFailsWithBlankCredentials" time="2.299"/>
  <testcase classname="Login" name="TC04_validateErrorMessageOnFailedLogin" time="2.329"/>
</testsuite> <!-- Login -->
