<?xml version="1.0" encoding="UTF-8"?>
<!-- Generated by org.testng.reporters.JUnitReportReporter -->
<testsuite hostname="ToqaHussein" failures="0" tests="3" name="zBillPayment" time="4.614" errors="0" timestamp="2025-05-09T21:06:48 EEST" skipped="0">
  <testcase classname="zBillPayment" name="TC18_navigateToBillPay" time="0.770"/>
  <testcase classname="zBillPayment" name="TC19_validBillPaymentSubmission" time="2.902"/>
  <testcase classname="zBillPayment" name="TC20_submitBillPayWithEmptyFields" time="0.942"/>
</testsuite> <!-- zBillPayment -->
