<?xml version="1.0" encoding="UTF-8"?>
<!-- Generated by org.testng.reporters.JUnitReportReporter -->
<testsuite hostname="ToqaHussein" failures="0" tests="1" name="TestMona" time="14.361" errors="0" timestamp="2025-05-09T19:14:48 EEST" skipped="0">
  <testcase classname="TestMona" name="registerAndUpdateProfile" time="14.361"/>
</testsuite> <!-- TestMona -->
