<?xml version="1.0" encoding="UTF-8"?>
<!-- Generated by org.testng.reporters.JUnitReportReporter -->
<testsuite hostname="ToqaHussein" failures="0" tests="6" name="TransferFundsS2" time="20.837" errors="0" timestamp="2025-05-09T21:06:48 EEST" skipped="0">
  <testcase classname="TransferFundsS2" name="registerTest" time="2.567"/>
  <testcase classname="TransferFundsS2" name="openAccountTest" time="12.577"/>
  <testcase classname="TransferFundsS2" name="transferFundsTest" time="1.936"/>
  <testcase classname="TransferFundsS2" name="verifyTransferTest" time="0.027"/>
  <testcase classname="TransferFundsS2" name="searchTransferByAmountTest" time="2.835"/>
  <testcase classname="TransferFundsS2" name="logoutTest" time="0.895"/>
</testsuite> <!-- TransferFundsS2 -->
