<?xml version="1.0" encoding="UTF-8"?>
<!-- Generated by org.testng.reporters.JUnitReportReporter -->
<testsuite hostname="ToqaHussein" failures="0" tests="5" name="TransferFundsS1" time="19.408" errors="0" timestamp="2025-05-09T21:06:48 EEST" skipped="0">
  <testcase classname="TransferFundsS1" name="registerTest" time="3.501"/>
  <testcase classname="TransferFundsS1" name="openAccountTest" time="12.902"/>
  <testcase classname="TransferFundsS1" name="transferFundsTest" time="2.093"/>
  <testcase classname="TransferFundsS1" name="verifyTransferTest" time="0.032"/>
  <testcase classname="TransferFundsS1" name="logoutTest" time="0.880"/>
</testsuite> <!-- TransferFundsS1 -->
