<?xml version="1.0" encoding="UTF-8"?>
<!-- Generated by org.testng.reporters.JUnitReportReporter -->
<testsuite hostname="ToqaHussein" failures="0" tests="5" name="ParabankTest" time="19.715" errors="0" timestamp="2025-05-08T18:08:41 EEST" skipped="0">
  <testcase classname="ParabankTest" name="registerTest" time="3.638"/>
  <testcase classname="ParabankTest" name="openAccountTest" time="13.141"/>
  <testcase classname="ParabankTest" name="transferFundsTest" time="2.024"/>
  <testcase classname="ParabankTest" name="verifyTransferTest" time="0.031"/>
  <testcase classname="ParabankTest" name="logoutTest" time="0.881"/>
</testsuite> <!-- ParabankTest -->
